[2024-03-28 20:53:21] [ INFO ] [ProductController:159] Starting createProduct
[2024-03-28 20:53:21] [ INFO ] [GenericService:100] existsByName method: Executed.
[2024-03-28 20:53:21] [ INFO ] [ProductController:166] Product product
[2024-03-28 20:53:21] [ INFO ] [ProductController:169] Categories step 1
[2024-03-28 20:53:21] [ INFO ] [ProductController:228] Starting function processCategories().
[2024-03-28 20:53:21] [ INFO ] [GenericService:94] findByNameCategory method: Executed.
[2024-03-28 20:53:21] [ INFO ] [ProductController:236] Verifying category: Categoría 2
[2024-03-28 20:53:21] [ INFO ] [ProductController:239] Category Categoría 2 exists!, only the relationship will be kept
[2024-03-29 11:34:58] [ INFO ] [ProductController:159] Starting createProduct
[2024-03-29 11:34:58] [ INFO ] [GenericService:100] existsByName method: Executed.
[2024-03-29 11:34:58] [ INFO ] [ProductController:166] Product product
[2024-03-29 11:34:58] [ INFO ] [ProductController:169] Categories step 1
[2024-03-29 11:34:58] [ INFO ] [ProductController:228] Starting function processCategories().
[2024-03-29 11:34:58] [ INFO ] [GenericService:94] findByNameCategory method: Executed.
[2024-03-29 11:34:58] [ INFO ] [ProductController:236] Verifying category: Categoría 2
[2024-03-29 11:34:58] [ INFO ] [ProductController:239] Category Categoría 2 exists!, only the relationship will be kept
[2024-03-29 11:36:11] [ INFO ] [ProductController:159] Starting createProduct
[2024-03-29 11:36:11] [ INFO ] [GenericService:100] existsByName method: Executed.
[2024-03-29 11:36:11] [ INFO ] [ProductController:166] Product product
[2024-03-29 11:36:11] [ INFO ] [ProductController:169] Categories step 1
[2024-03-29 11:36:11] [ INFO ] [ProductController:228] Starting function processCategories().
[2024-03-29 11:36:11] [ INFO ] [GenericService:94] findByNameCategory method: Executed.
[2024-03-29 11:36:12] [ INFO ] [ProductController:236] Verifying category: Categoría 2
[2024-03-29 11:36:12] [ INFO ] [ProductController:239] Category Categoría 2 categoryNameValue
[2024-03-29 12:03:50] [ INFO ] [ProductController:159] Starting createProduct
[2024-03-29 12:03:50] [ INFO ] [GenericService:100] existsByName method: Executed.
[2024-03-29 12:03:50] [ INFO ] [ProductController:166] Product product
[2024-03-29 12:03:50] [ INFO ] [ProductController:169] Categories step 1
[2024-03-29 12:03:50] [ INFO ] [ProductController:228] Starting function processCategories().
[2024-03-29 12:03:50] [ INFO ] [GenericService:94] findByNameCategory method: Executed.
[2024-03-29 12:03:50] [ INFO ] [ProductController:236] Verifying category: Categoría 2
[2024-03-29 12:03:50] [ INFO ] [ProductController:239] Category Categoría 2 exists
[2024-03-29 12:04:47] [ INFO ] [ProductController:159] Starting createProduct
[2024-03-29 12:04:47] [ INFO ] [GenericService:100] existsByName method: Executed.
[2024-03-29 12:04:47] [ INFO ] [ProductController:166] Product product
[2024-03-29 12:04:47] [ INFO ] [ProductController:169] Categories step 1
[2024-03-29 12:04:47] [ INFO ] [ProductController:228] Starting function processCategories().
[2024-03-29 12:04:47] [ INFO ] [GenericService:94] findByNameCategory method: Executed.
[2024-03-29 12:04:47] [ INFO ] [ProductController:236] Verifying category: Categoría 3
[2024-03-29 12:04:47] [ INFO ] [ProductController:245] Category Categoría 3 does not exist!, category will be created and relationship will be saved
[2024-03-29 12:04:47] [ INFO ] [GenericService:27] createCategory method: Getting started.
[2024-03-29 12:04:47] [ INFO ] [GenericService:32] createCategory method: Successful category registration
[2024-03-29 12:04:47] [ INFO ] [ProductController:253] Successful execution of categoryService
[2024-03-29 12:05:01] [ INFO ] [ProductController:159] Starting createProduct
[2024-03-29 12:05:01] [ INFO ] [GenericService:100] existsByName method: Executed.
[2024-03-29 12:05:01] [ INFO ] [ProductController:166] Product product
[2024-03-29 12:05:01] [ INFO ] [ProductController:169] Categories step 1
[2024-03-29 12:05:01] [ INFO ] [ProductController:228] Starting function processCategories().
[2024-03-29 12:05:01] [ INFO ] [GenericService:94] findByNameCategory method: Executed.
[2024-03-29 12:05:02] [ INFO ] [ProductController:236] Verifying category: Categoría 3
[2024-03-29 12:05:02] [ INFO ] [ProductController:239] Category Categoría 3 exists
[2024-03-29 12:16:58] [ INFO ] [ProductController:159] Starting createProduct
[2024-03-29 12:16:58] [ INFO ] [GenericService:100] existsByName method: Executed.
[2024-03-29 12:16:58] [ INFO ] [ProductController:166] Product product
[2024-03-29 12:16:58] [ INFO ] [ProductController:169] Categories step 1
[2024-03-29 12:16:58] [ INFO ] [ProductController:228] Starting function processCategories().
[2024-03-29 12:16:58] [ INFO ] [GenericService:94] findByNameCategory method: Executed.
[2024-03-29 12:16:58] [ INFO ] [ProductController:236] Verifying category: Categoría 3
[2024-03-29 12:16:58] [ INFO ] [ProductController:239] Category Categoría 3 exists
[2024-03-29 12:47:19] [ INFO ] [ProductController:159] Starting createProduct
[2024-03-29 12:47:19] [ INFO ] [GenericService:100] existsByName method: Executed.
[2024-03-29 12:47:19] [ INFO ] [ProductController:166] Product product
[2024-03-29 12:47:19] [ INFO ] [ProductController:169] Categories step 1
[2024-03-29 12:47:19] [ INFO ] [ProductController:228] Starting function processCategories().
[2024-03-29 12:47:19] [ INFO ] [GenericService:94] findByNameCategory method: Executed.
[2024-03-29 12:47:19] [ INFO ] [ProductController:236] Verifying category: Categoría 3
[2024-03-29 12:47:19] [ INFO ] [ProductController:239] Category Categoría 3 exists
[2024-03-29 12:48:37] [ INFO ] [UserService:54] signUp method: Getting started.
[2024-03-29 12:48:37] [ INFO ] [UserService:49] sendWelcomeEmail method: Sending to chr.edg.fer@gmail.com
[2024-03-29 12:48:41] [ INFO ] [UserService:51] sendWelcomeEmail method: Successfully sent.
[2024-03-29 12:48:41] [ INFO ] [UserService:81] signUp method: Finishing.
[2024-03-29 12:49:08] [ INFO ] [ProductController:159] Starting createProduct
[2024-03-29 12:49:08] [ INFO ] [GenericService:100] existsByName method: Executed.
[2024-03-29 12:49:08] [ INFO ] [ProductController:166] Product product
[2024-03-29 12:49:08] [ INFO ] [ProductController:169] Categories step 1
[2024-03-29 12:49:08] [ INFO ] [ProductController:228] Starting function processCategories().
[2024-03-29 12:49:08] [ INFO ] [GenericService:94] findByNameCategory method: Executed.
[2024-03-29 12:49:08] [ INFO ] [ProductController:236] Verifying category: Categoría 3
[2024-03-29 12:49:08] [ INFO ] [ProductController:245] Category Categoría 3 does not exist!, category will be created and relationship will be saved
[2024-03-29 12:49:08] [ INFO ] [GenericService:27] createCategory method: Getting started.
[2024-03-29 12:49:08] [ INFO ] [GenericService:32] createCategory method: Successful category registration
[2024-03-29 12:49:09] [ INFO ] [ProductController:253] Successful execution of categoryService
[2024-03-29 12:53:00] [ INFO ] [UserService:54] signUp method: Getting started.
[2024-03-29 12:53:00] [ INFO ] [UserService:49] sendWelcomeEmail method: Sending to chr.edg.fer@gmail.com
[2024-03-29 12:53:04] [ INFO ] [UserService:51] sendWelcomeEmail method: Successfully sent.
[2024-03-29 12:53:04] [ INFO ] [UserService:81] signUp method: Finishing.
[2024-03-29 12:53:30] [ INFO ] [ProductController:159] Starting createProduct
[2024-03-29 12:53:30] [ INFO ] [GenericService:100] existsByName method: Executed.
[2024-03-29 12:53:30] [ INFO ] [ProductController:166] Product product
[2024-03-29 12:53:30] [ INFO ] [ProductController:169] Categories step 1
[2024-03-29 12:53:30] [ INFO ] [ProductController:170] [CategoryRequestDTO(name=Categoría 3), CategoryRequestDTO(name=Categoría 2), CategoryRequestDTO(name=Categoría 1)]
[2024-03-29 12:53:30] [ INFO ] [ProductController:229] Starting function processCategories().
[2024-03-29 12:53:30] [ INFO ] [GenericService:94] findByNameCategory method: Executed.
[2024-03-29 12:53:30] [ INFO ] [ProductController:237] Verifying category: Categoría 3
[2024-03-29 12:53:30] [ INFO ] [ProductController:245] Category Categoría 3 does not exist!, category will be created and relationship will be saved
[2024-03-29 12:53:30] [ INFO ] [GenericService:27] createCategory method: Getting started.
[2024-03-29 12:53:30] [ INFO ] [GenericService:32] createCategory method: Successful category registration
[2024-03-29 12:53:30] [ INFO ] [ProductController:253] Successful execution of categoryService
[2024-03-29 13:09:54] [ INFO ] [UserService:54] signUp method: Getting started.
[2024-03-29 13:09:54] [ INFO ] [UserService:49] sendWelcomeEmail method: Sending to chr.edg.fer@gmail.com
[2024-03-29 13:09:58] [ INFO ] [UserService:51] sendWelcomeEmail method: Successfully sent.
[2024-03-29 13:09:58] [ INFO ] [UserService:81] signUp method: Finishing.
[2024-03-29 13:10:19] [ INFO ] [ProductController:159] Starting createProduct
[2024-03-29 13:10:19] [ INFO ] [GenericService:100] existsByName method: Executed.
[2024-03-29 13:10:19] [ INFO ] [ProductController:166] Product product
[2024-03-29 13:10:19] [ INFO ] [ProductController:169] Categories step 1
[2024-03-29 13:10:19] [ INFO ] [ProductController:170] [CategoryRequestDTO(name=Categoría 3), CategoryRequestDTO(name=Categoría 2), CategoryRequestDTO(name=Categoría 1)]
[2024-03-29 13:10:19] [ INFO ] [ProductController:229] Starting function processCategories().
[2024-03-29 13:10:19] [ INFO ] [GenericService:94] findByNameCategory method: Executed.
[2024-03-29 13:10:19] [ INFO ] [ProductController:237] Verifying category: Categoría 3
[2024-03-29 13:10:19] [ INFO ] [ProductController:244] Category Categoría 3 does not exist!, category will be created and relationship will be saved
[2024-03-29 13:10:19] [ INFO ] [GenericService:27] createCategory method: Getting started.
[2024-03-29 13:10:19] [ INFO ] [GenericService:32] createCategory method: Successful category registration
[2024-03-29 13:10:19] [ INFO ] [ProductController:252] Successful execution of categoryService
